
*** Running vivado
    with args -log codeLock_vhdl.vds -m64 -product Vivado -mode batch -messageDb vivado.pb -notrace -source codeLock_vhdl.tcl


****** Vivado v2018.3 (64-bit)
  **** SW Build 2405991 on Thu Dec  6 23:38:27 MST 2018
  **** IP Build 2404404 on Fri Dec  7 01:43:56 MST 2018
    ** Copyright 1986-2018 Xilinx, Inc. All Rights Reserved.

source codeLock_vhdl.tcl -notrace
INFO: [IP_Flow 19-234] Refreshing IP repositories
INFO: [IP_Flow 19-1700] Loaded user IP repository 'x:/Documents/lib_SAP_2022_02_02'.
INFO: [IP_Flow 19-2313] Loaded Vivado IP repository 'C:/Xilinx/Vivado/2018.3/data/ip'.
Command: synth_design -top codeLock_vhdl -part xc7a35tcpg236-1
Starting synth_design
Attempting to get a license for feature 'Synthesis' and/or device 'xc7a35t'
INFO: [Common 17-349] Got license for feature 'Synthesis' and/or device 'xc7a35t'
INFO: Launching helper process for spawning children vivado processes
INFO: Helper process launched with PID 12256 
---------------------------------------------------------------------------------
Starting RTL Elaboration : Time (s): cpu = 00:00:02 ; elapsed = 00:00:02 . Memory (MB): peak = 490.789 ; gain = 99.441
---------------------------------------------------------------------------------
INFO: [Synth 8-638] synthesizing module 'codeLock_vhdl' [X:/Documents/CodeLock/CodeLock.srcs/sources_1/imports/tmp/codeLock.vhd:20]
INFO: [Synth 8-3491] module 'automata_vhdl' declared at 'X:/Documents/CodeLock/CodeLock.srcs/sources_1/imports/tmp/automata.vhd:7' bound to instance 'inst_automata_vhdl_0' of component 'automata_vhdl' [X:/Documents/CodeLock/CodeLock.srcs/sources_1/imports/tmp/codeLock.vhd:70]
INFO: [Synth 8-638] synthesizing module 'automata_vhdl' [X:/Documents/CodeLock/CodeLock.srcs/sources_1/imports/tmp/automata.vhd:23]
	Parameter width bound to: 22 - type: integer 
INFO: [Synth 8-3491] module 'debounce' declared at 'X:/Documents/CodeLock/CodeLock.srcs/sources_1/imports/tmp/automata.vhd:187' bound to instance 'debounce_0' of component 'debounce' [X:/Documents/CodeLock/CodeLock.srcs/sources_1/imports/tmp/automata.vhd:89]
INFO: [Synth 8-638] synthesizing module 'debounce' [X:/Documents/CodeLock/CodeLock.srcs/sources_1/imports/tmp/automata.vhd:198]
	Parameter width bound to: 22 - type: integer 
INFO: [Synth 8-256] done synthesizing module 'debounce' (1#1) [X:/Documents/CodeLock/CodeLock.srcs/sources_1/imports/tmp/automata.vhd:198]
	Parameter width bound to: 22 - type: integer 
INFO: [Synth 8-3491] module 'debounce' declared at 'X:/Documents/CodeLock/CodeLock.srcs/sources_1/imports/tmp/automata.vhd:187' bound to instance 'debounce_1' of component 'debounce' [X:/Documents/CodeLock/CodeLock.srcs/sources_1/imports/tmp/automata.vhd:100]
	Parameter width bound to: 22 - type: integer 
INFO: [Synth 8-3491] module 'debounce' declared at 'X:/Documents/CodeLock/CodeLock.srcs/sources_1/imports/tmp/automata.vhd:187' bound to instance 'debounce_2' of component 'debounce' [X:/Documents/CodeLock/CodeLock.srcs/sources_1/imports/tmp/automata.vhd:111]
INFO: [Synth 8-3491] module 'next_state_logic' declared at 'X:/Documents/CodeLock/CodeLock.srcs/sources_1/imports/MozillaDownloads/next_state_logic.vhd:4' bound to instance 'inst_next_state_logic_0' of component 'next_state_logic' [X:/Documents/CodeLock/CodeLock.srcs/sources_1/imports/tmp/automata.vhd:158]
INFO: [Synth 8-638] synthesizing module 'next_state_logic' [X:/Documents/CodeLock/CodeLock.srcs/sources_1/imports/MozillaDownloads/next_state_logic.vhd:18]
INFO: [Synth 8-256] done synthesizing module 'next_state_logic' (2#1) [X:/Documents/CodeLock/CodeLock.srcs/sources_1/imports/MozillaDownloads/next_state_logic.vhd:18]
INFO: [Synth 8-256] done synthesizing module 'automata_vhdl' (3#1) [X:/Documents/CodeLock/CodeLock.srcs/sources_1/imports/tmp/automata.vhd:23]
INFO: [Synth 8-3491] module 'button_vhdl' declared at 'X:/Documents/CodeLock/CodeLock.srcs/sources_1/imports/tmp/button.vhd:7' bound to instance 'inst_button_vhdl_0' of component 'button_vhdl' [X:/Documents/CodeLock/CodeLock.srcs/sources_1/imports/tmp/codeLock.vhd:86]
INFO: [Synth 8-638] synthesizing module 'button_vhdl' [X:/Documents/CodeLock/CodeLock.srcs/sources_1/imports/tmp/button.vhd:15]
	Parameter width bound to: 22 - type: integer 
INFO: [Synth 8-3491] module 'debounce' declared at 'X:/Documents/CodeLock/CodeLock.srcs/sources_1/imports/tmp/automata.vhd:187' bound to instance 'debounce_0' of component 'debounce' [X:/Documents/CodeLock/CodeLock.srcs/sources_1/imports/tmp/button.vhd:44]
INFO: [Synth 8-256] done synthesizing module 'button_vhdl' (4#1) [X:/Documents/CodeLock/CodeLock.srcs/sources_1/imports/tmp/button.vhd:15]
INFO: [Synth 8-3491] module 'button_vhdl' declared at 'X:/Documents/CodeLock/CodeLock.srcs/sources_1/imports/tmp/button.vhd:7' bound to instance 'inst_button_vhdl_1' of component 'button_vhdl' [X:/Documents/CodeLock/CodeLock.srcs/sources_1/imports/tmp/codeLock.vhd:94]
INFO: [Synth 8-3491] module 'button_vhdl' declared at 'X:/Documents/CodeLock/CodeLock.srcs/sources_1/imports/tmp/button.vhd:7' bound to instance 'inst_button_vhdl_2' of component 'button_vhdl' [X:/Documents/CodeLock/CodeLock.srcs/sources_1/imports/tmp/codeLock.vhd:102]
INFO: [Synth 8-256] done synthesizing module 'codeLock_vhdl' (5#1) [X:/Documents/CodeLock/CodeLock.srcs/sources_1/imports/tmp/codeLock.vhd:20]
---------------------------------------------------------------------------------
Finished RTL Elaboration : Time (s): cpu = 00:00:03 ; elapsed = 00:00:03 . Memory (MB): peak = 547.992 ; gain = 156.645
---------------------------------------------------------------------------------

Report Check Netlist: 
+------+------------------+-------+---------+-------+------------------+
|      |Item              |Errors |Warnings |Status |Description       |
+------+------------------+-------+---------+-------+------------------+
|1     |multi_driven_nets |      0|        0|Passed |Multi driven nets |
+------+------------------+-------+---------+-------+------------------+
---------------------------------------------------------------------------------
Start Handling Custom Attributes
---------------------------------------------------------------------------------
---------------------------------------------------------------------------------
Finished Handling Custom Attributes : Time (s): cpu = 00:00:03 ; elapsed = 00:00:03 . Memory (MB): peak = 547.992 ; gain = 156.645
---------------------------------------------------------------------------------
---------------------------------------------------------------------------------
Finished RTL Optimization Phase 1 : Time (s): cpu = 00:00:03 ; elapsed = 00:00:03 . Memory (MB): peak = 547.992 ; gain = 156.645
---------------------------------------------------------------------------------
INFO: [Device 21-403] Loading part xc7a35tcpg236-1
INFO: [Project 1-570] Preparing netlist for logic optimization

Processing XDC Constraints
Initializing timing engine
Parsing XDC File [X:/Documents/CodeLock/CodeLock.srcs/constrs_1/new/lock.xdc]
Finished Parsing XDC File [X:/Documents/CodeLock/CodeLock.srcs/constrs_1/new/lock.xdc]
INFO: [Project 1-236] Implementation specific constraints were found while reading constraint file [X:/Documents/CodeLock/CodeLock.srcs/constrs_1/new/lock.xdc]. These constraints will be ignored for synthesis but will be used in implementation. Impacted constraints are listed in the file [.Xil/codeLock_vhdl_propImpl.xdc].
Resolution: To avoid this warning, move constraints listed in [.Xil/codeLock_vhdl_propImpl.xdc] to another XDC file and exclude this new file from synthesis with the used_in_synthesis property (File Properties dialog in GUI) and re-run elaboration/synthesis.
Netlist sorting complete. Time (s): cpu = 00:00:00 ; elapsed = 00:00:00 . Memory (MB): peak = 872.465 ; gain = 0.000
Completed Processing XDC Constraints

Netlist sorting complete. Time (s): cpu = 00:00:00 ; elapsed = 00:00:00 . Memory (MB): peak = 872.465 ; gain = 0.000
INFO: [Project 1-111] Unisim Transformation Summary:
No Unisim elements were transformed.

Netlist sorting complete. Time (s): cpu = 00:00:00 ; elapsed = 00:00:00 . Memory (MB): peak = 872.465 ; gain = 0.000
Constraint Validation Runtime : Time (s): cpu = 00:00:00 ; elapsed = 00:00:00.019 . Memory (MB): peak = 872.465 ; gain = 0.000
---------------------------------------------------------------------------------
Finished Constraint Validation : Time (s): cpu = 00:00:09 ; elapsed = 00:00:18 . Memory (MB): peak = 872.465 ; gain = 481.117
---------------------------------------------------------------------------------
---------------------------------------------------------------------------------
Start Loading Part and Timing Information
---------------------------------------------------------------------------------
Loading part: xc7a35tcpg236-1
---------------------------------------------------------------------------------
Finished Loading Part and Timing Information : Time (s): cpu = 00:00:09 ; elapsed = 00:00:18 . Memory (MB): peak = 872.465 ; gain = 481.117
---------------------------------------------------------------------------------
---------------------------------------------------------------------------------
Start Applying 'set_property' XDC Constraints
---------------------------------------------------------------------------------
---------------------------------------------------------------------------------
Finished applying 'set_property' XDC Constraints : Time (s): cpu = 00:00:09 ; elapsed = 00:00:18 . Memory (MB): peak = 872.465 ; gain = 481.117
---------------------------------------------------------------------------------
---------------------------------------------------------------------------------
Finished RTL Optimization Phase 2 : Time (s): cpu = 00:00:09 ; elapsed = 00:00:19 . Memory (MB): peak = 872.465 ; gain = 481.117
---------------------------------------------------------------------------------

Report RTL Partitions: 
+-+--------------+------------+----------+
| |RTL Partition |Replication |Instances |
+-+--------------+------------+----------+
+-+--------------+------------+----------+
---------------------------------------------------------------------------------
Start RTL Component Statistics 
---------------------------------------------------------------------------------
Detailed RTL Component Info : 
+---XORs : 
	   3 Input      1 Bit         XORs := 1     
+---Registers : 
	                1 Bit    Registers := 24    
---------------------------------------------------------------------------------
Finished RTL Component Statistics 
---------------------------------------------------------------------------------
---------------------------------------------------------------------------------
Start RTL Hierarchical Component Statistics 
---------------------------------------------------------------------------------
Hierarchical RTL Component report 
Module debounce 
Detailed RTL Component Info : 
+---Registers : 
	                1 Bit    Registers := 3     
Module automata_vhdl 
Detailed RTL Component Info : 
+---XORs : 
	   3 Input      1 Bit         XORs := 1     
+---Registers : 
	                1 Bit    Registers := 3     
Module button_vhdl 
Detailed RTL Component Info : 
+---Registers : 
	                1 Bit    Registers := 1     
---------------------------------------------------------------------------------
Finished RTL Hierarchical Component Statistics
---------------------------------------------------------------------------------
---------------------------------------------------------------------------------
Start Part Resource Summary
---------------------------------------------------------------------------------
Part Resources:
DSPs: 90 (col length:60)
BRAMs: 100 (col length: RAMB18 60 RAMB36 30)
---------------------------------------------------------------------------------
Finished Part Resource Summary
---------------------------------------------------------------------------------
---------------------------------------------------------------------------------
Start Cross Boundary and Area Optimization
---------------------------------------------------------------------------------
Warning: Parallel synthesis criteria is not met 
---------------------------------------------------------------------------------
Finished Cross Boundary and Area Optimization : Time (s): cpu = 00:00:10 ; elapsed = 00:00:20 . Memory (MB): peak = 872.465 ; gain = 481.117
---------------------------------------------------------------------------------

Report RTL Partitions: 
+-+--------------+------------+----------+
| |RTL Partition |Replication |Instances |
+-+--------------+------------+----------+
+-+--------------+------------+----------+
---------------------------------------------------------------------------------
Start Applying XDC Timing Constraints
---------------------------------------------------------------------------------
---------------------------------------------------------------------------------
Finished Applying XDC Timing Constraints : Time (s): cpu = 00:00:16 ; elapsed = 00:00:27 . Memory (MB): peak = 872.465 ; gain = 481.117
---------------------------------------------------------------------------------
---------------------------------------------------------------------------------
Start Timing Optimization
---------------------------------------------------------------------------------
---------------------------------------------------------------------------------
Finished Timing Optimization : Time (s): cpu = 00:00:16 ; elapsed = 00:00:27 . Memory (MB): peak = 872.465 ; gain = 481.117
---------------------------------------------------------------------------------

Report RTL Partitions: 
+-+--------------+------------+----------+
| |RTL Partition |Replication |Instances |
+-+--------------+------------+----------+
+-+--------------+------------+----------+
---------------------------------------------------------------------------------
Start Technology Mapping
---------------------------------------------------------------------------------
---------------------------------------------------------------------------------
Finished Technology Mapping : Time (s): cpu = 00:00:16 ; elapsed = 00:00:27 . Memory (MB): peak = 877.469 ; gain = 486.121
---------------------------------------------------------------------------------

Report RTL Partitions: 
+-+--------------+------------+----------+
| |RTL Partition |Replication |Instances |
+-+--------------+------------+----------+
+-+--------------+------------+----------+
---------------------------------------------------------------------------------
Start IO Insertion
---------------------------------------------------------------------------------
---------------------------------------------------------------------------------
Start Flattening Before IO Insertion
---------------------------------------------------------------------------------
---------------------------------------------------------------------------------
Finished Flattening Before IO Insertion
---------------------------------------------------------------------------------
---------------------------------------------------------------------------------
Start Final Netlist Cleanup
---------------------------------------------------------------------------------
---------------------------------------------------------------------------------
Finished Final Netlist Cleanup
---------------------------------------------------------------------------------
---------------------------------------------------------------------------------
Finished IO Insertion : Time (s): cpu = 00:00:17 ; elapsed = 00:00:27 . Memory (MB): peak = 877.469 ; gain = 486.121
---------------------------------------------------------------------------------

Report Check Netlist: 
+------+------------------+-------+---------+-------+------------------+
|      |Item              |Errors |Warnings |Status |Description       |
+------+------------------+-------+---------+-------+------------------+
|1     |multi_driven_nets |      0|        0|Passed |Multi driven nets |
+------+------------------+-------+---------+-------+------------------+
---------------------------------------------------------------------------------
Start Renaming Generated Instances
---------------------------------------------------------------------------------
---------------------------------------------------------------------------------
Finished Renaming Generated Instances : Time (s): cpu = 00:00:17 ; elapsed = 00:00:27 . Memory (MB): peak = 877.469 ; gain = 486.121
---------------------------------------------------------------------------------

Report RTL Partitions: 
+-+--------------+------------+----------+
| |RTL Partition |Replication |Instances |
+-+--------------+------------+----------+
+-+--------------+------------+----------+
---------------------------------------------------------------------------------
Start Rebuilding User Hierarchy
---------------------------------------------------------------------------------
---------------------------------------------------------------------------------
Finished Rebuilding User Hierarchy : Time (s): cpu = 00:00:17 ; elapsed = 00:00:27 . Memory (MB): peak = 877.469 ; gain = 486.121
---------------------------------------------------------------------------------
---------------------------------------------------------------------------------
Start Renaming Generated Ports
---------------------------------------------------------------------------------
---------------------------------------------------------------------------------
Finished Renaming Generated Ports : Time (s): cpu = 00:00:17 ; elapsed = 00:00:27 . Memory (MB): peak = 877.469 ; gain = 486.121
---------------------------------------------------------------------------------
---------------------------------------------------------------------------------
Start Handling Custom Attributes
---------------------------------------------------------------------------------
---------------------------------------------------------------------------------
Finished Handling Custom Attributes : Time (s): cpu = 00:00:17 ; elapsed = 00:00:27 . Memory (MB): peak = 877.469 ; gain = 486.121
---------------------------------------------------------------------------------
---------------------------------------------------------------------------------
Start Renaming Generated Nets
---------------------------------------------------------------------------------
---------------------------------------------------------------------------------
Finished Renaming Generated Nets : Time (s): cpu = 00:00:17 ; elapsed = 00:00:28 . Memory (MB): peak = 877.469 ; gain = 486.121
---------------------------------------------------------------------------------
---------------------------------------------------------------------------------
Start Writing Synthesis Report
---------------------------------------------------------------------------------

Report BlackBoxes: 
+-+--------------+----------+
| |BlackBox name |Instances |
+-+--------------+----------+
+-+--------------+----------+

Report Cell Usage: 
+------+-------+------+
|      |Cell   |Count |
+------+-------+------+
|1     |BUFG   |     1|
|2     |CARRY4 |    36|
|3     |LUT1   |     6|
|4     |LUT2   |    14|
|5     |LUT4   |     8|
|6     |LUT5   |     1|
|7     |LUT6   |     3|
|8     |FDRE   |   156|
|9     |IBUF   |     5|
|10    |OBUF   |     3|
+------+-------+------+

Report Instance Areas: 
+------+-----------------------+--------------+------+
|      |Instance               |Module        |Cells |
+------+-----------------------+--------------+------+
|1     |top                    |              |   233|
|2     |  inst_automata_vhdl_0 |automata_vhdl |   112|
|3     |    debounce_0         |debounce_4    |    35|
|4     |    debounce_1         |debounce_5    |    37|
|5     |    debounce_2         |debounce_6    |    35|
|6     |  inst_button_vhdl_0   |button_vhdl   |    38|
|7     |    debounce_0         |debounce_3    |    37|
|8     |  inst_button_vhdl_1   |button_vhdl_0 |    37|
|9     |    debounce_0         |debounce_2    |    36|
|10    |  inst_button_vhdl_2   |button_vhdl_1 |    37|
|11    |    debounce_0         |debounce      |    36|
+------+-----------------------+--------------+------+
---------------------------------------------------------------------------------
Finished Writing Synthesis Report : Time (s): cpu = 00:00:17 ; elapsed = 00:00:28 . Memory (MB): peak = 877.469 ; gain = 486.121
---------------------------------------------------------------------------------
Synthesis finished with 0 errors, 0 critical warnings and 0 warnings.
Synthesis Optimization Runtime : Time (s): cpu = 00:00:10 ; elapsed = 00:00:15 . Memory (MB): peak = 877.469 ; gain = 161.648
Synthesis Optimization Complete : Time (s): cpu = 00:00:17 ; elapsed = 00:00:28 . Memory (MB): peak = 877.469 ; gain = 486.121
INFO: [Project 1-571] Translating synthesized netlist
INFO: [Netlist 29-17] Analyzing 36 Unisim elements for replacement
INFO: [Netlist 29-28] Unisim Transformation completed in 0 CPU seconds
INFO: [Project 1-570] Preparing netlist for logic optimization
INFO: [Opt 31-138] Pushed 0 inverter(s) to 0 load pin(s).
Netlist sorting complete. Time (s): cpu = 00:00:00 ; elapsed = 00:00:00 . Memory (MB): peak = 887.133 ; gain = 0.000
INFO: [Project 1-111] Unisim Transformation Summary:
No Unisim elements were transformed.

INFO: [Common 17-83] Releasing license: Synthesis
34 Infos, 0 Warnings, 0 Critical Warnings and 0 Errors encountered.
synth_design completed successfully
synth_design: Time (s): cpu = 00:00:19 ; elapsed = 00:00:30 . Memory (MB): peak = 887.133 ; gain = 508.828
Netlist sorting complete. Time (s): cpu = 00:00:00 ; elapsed = 00:00:00 . Memory (MB): peak = 887.133 ; gain = 0.000
WARNING: [Constraints 18-5210] No constraints selected for write.
Resolution: This message can indicate that there are no constraints for the design, or it can indicate that the used_in flags are set such that the constraints are ignored. This later case is used when running synth_design to not write synthesis constraints to the resulting checkpoint. Instead, project constraints are read when the synthesized design is opened.
INFO: [Common 17-1381] The checkpoint 'X:/Documents/CodeLock/CodeLock.runs/synth_1/codeLock_vhdl.dcp' has been generated.
INFO: [runtcl-4] Executing : report_utilization -file codeLock_vhdl_utilization_synth.rpt -pb codeLock_vhdl_utilization_synth.pb
INFO: [Common 17-206] Exiting Vivado at Fri Apr 21 12:01:31 2023...
