Vivado Simulator 2018.3
Copyright 1986-1999, 2001-2018 Xilinx, Inc. All Rights Reserved.
Running: C:/Xilinx/Vivado/2018.3/bin/unwrapped/win64.o/xelab.exe -wto ee5c301565b1441ebff9c39b53181307 --incr --debug typical --relax --mt 2 -L xil_defaultlib -L secureip -L xpm --snapshot lockTest_vhdl_behav xil_defaultlib.lockTest_vhdl -log elaborate.log 
Using 2 slave threads.
Starting static elaboration
Completed static elaboration
Starting simulation data flow analysis
Completed simulation data flow analysis
Time Resolution for simulation is 1ps
Compiling package std.standard
Compiling package std.textio
Compiling package ieee.std_logic_1164
Compiling package ieee.std_logic_arith
Compiling package ieee.std_logic_unsigned
Compiling package ieee.std_logic_textio
Compiling architecture behavioral of entity xil_defaultlib.next_state_logic [next_state_logic_default]
Compiling architecture behavioral of entity xil_defaultlib.output_logic [output_logic_default]
Compiling architecture behavioral of entity xil_defaultlib.automata_vhdl [automata_vhdl_default]
Compiling architecture behavior of entity xil_defaultlib.code_lock_test [\code_lock_test(1,4)(1,8)(1,8)(1...]
Compiling architecture behavioral of entity xil_defaultlib.locktest_vhdl
Built simulation snapshot lockTest_vhdl_behav
